<?xml version="1.0" encoding="UTF-8"?>
<testng-results ignored="0" total="1" passed="1" failed="0" skipped="0">
  <reporter-output>
  </reporter-output>
  <suite started-at="2023-12-11T17:27:15 IST" name="Default suite" finished-at="2023-12-11T17:27:46 IST" duration-ms="30980">
    <groups>
    </groups>
    <test started-at="2023-12-11T17:27:15 IST" name="Default test" finished-at="2023-12-11T17:27:46 IST" duration-ms="30980">
      <class name="qa.test.AddToCartTest">
        <test-method is-config="true" signature="setup()[pri:0, instance:qa.test.AddToCartTest@4efbca5a]" started-at="2023-12-11T17:27:15 IST" name="setup" finished-at="2023-12-11T17:27:19 IST" duration-ms="3867" status="PASS">
          <reporter-output>
          </reporter-output>
        </test-method> <!-- setup -->
        <test-method signature="ragisterUserTest()[pri:0, instance:qa.test.AddToCartTest@4efbca5a]" started-at="2023-12-11T17:27:19 IST" name="ragisterUserTest" description="Search iphone -&gt; select from the list -&gt; go to product details page -&gt; select and store price in a variable -&gt; add to cart" finished-at="2023-12-11T17:27:46 IST" duration-ms="27059" status="PASS">
          <reporter-output>
          </reporter-output>
        </test-method> <!-- ragisterUserTest -->
      </class> <!-- qa.test.AddToCartTest -->
    </test> <!-- Default test -->
  </suite> <!-- Default suite -->
</testng-results>
